<?xml version="1.0" encoding="UTF-8"?>
<Site BuildName="(empty)"
	BuildStamp="20240816-1020-Experimental"
	Name="umesh-pc"
	Generator="ctest-3.22.1"
	CompilerName="/usr/bin/c++"
	CompilerVersion="11.4.0"
	OSName="Linux"
	Hostname="umesh-pc"
	OSRelease="6.5.0-44-generic"
	OSVersion="#44~22.04.1-Ubuntu SMP PREEMPT_DYNAMIC Tue Jun 18 14:36:16 UTC 2"
	OSPlatform="x86_64"
	Is64Bits="1"
	VendorString="GenuineIntel"
	VendorID="Intel Corporation"
	FamilyID="6"
	ModelID="140"
	ProcessorCacheSize="12288"
	NumberOfLogicalCPU="8"
	NumberOfPhysicalCPU="4"
	TotalVirtualMemory="0"
	TotalPhysicalMemory="15704"
	LogicalProcessorsPerPhysical="2"
	ProcessorClockFrequency="3958.78"
	>
	<Testing>
		<StartDateTime>Aug 16 16:04 IST</StartDateTime>
		<StartTestTime>1723804495</StartTestTime>
		<TestList/>
		<EndDateTime>Aug 16 16:04 IST</EndDateTime>
		<EndTestTime>1723804495</EndTestTime>
		<ElapsedMinutes>0</ElapsedMinutes>
	</Testing>
</Site>
